[0528/123028.461:ERROR:process_info.cc(359)] UncheckedAllocate
[0528/131245.317:ERROR:http_transport_win.cc(276)] WinHttpSendRequest: The operation completed successfully. (0x0)
[0611/104147.879:ERROR:process_memory_win.cc(73)] ReadMemory at 0x7ff7942b0000 of 64 bytes failed: Only part of a ReadProcessMemory or WriteProcessMemory request was completed. (0x12B)
[0611/104147.879:WARNING:pe_image_reader.cc(340)] could not read dos header from C:\Program Files (x86)\Google\Chrome\Application\chrome.exe
[0611/104147.879:ERROR:process_memory_win.cc(73)] ReadMemory at 0x7ff9c17c0000 of 64 bytes failed: Only part of a ReadProcessMemory or WriteProcessMemory request was completed. (0x12B)
[0611/104147.879:WARNING:pe_image_reader.cc(340)] could not read dos header from C:\WINDOWS\SYSTEM32\ntdll.dll
[0611/104147.879:ERROR:process_memory_win.cc(73)] ReadMemory at 0x7ff9c1040000 of 64 bytes failed: Only part of a ReadProcessMemory or WriteProcessMemory request was completed. (0x12B)
[0611/104147.879:WARNING:pe_image_reader.cc(340)] could not read dos header from C:\WINDOWS\System32\KERNEL32.DLL
[0611/104147.879:ERROR:process_memory_win.cc(73)] ReadMemory at 0x7ff9bf540000 of 64 bytes failed: Only part of a ReadProcessMemory or WriteProcessMemory request was completed. (0x12B)
[0611/104147.879:WARNING:pe_image_reader.cc(340)] could not read dos header from C:\WINDOWS\System32\KERNELBASE.dll
[0611/104147.879:ERROR:process_memory_win.cc(73)] ReadMemory at 0x7ff995750000 of 64 bytes failed: Only part of a ReadProcessMemory or WriteProcessMemory request was completed. (0x12B)
[0611/104147.879:WARNING:pe_image_reader.cc(340)] could not read dos header from C:\Program Files (x86)\Google\Chrome\Application\83.0.4103.97\chrome_elf.dll
[0611/104147.879:ERROR:process_memory_win.cc(73)] ReadMemory at 0x7ff9bd7e0000 of 64 bytes failed: Only part of a ReadProcessMemory or WriteProcessMemory request was completed. (0x12B)
[0611/104147.879:WARNING:pe_image_reader.cc(340)] could not read dos header from C:\WINDOWS\SYSTEM32\VERSION.dll
[0611/104147.879:ERROR:process_memory_win.cc(73)] ReadMemory at 0x7ff9c1160000 of 64 bytes failed: Only part of a ReadProcessMemory or WriteProcessMemory request was completed. (0x12B)
[0611/104147.879:WARNING:pe_image_reader.cc(340)] could not read dos header from C:\WINDOWS\System32\msvcrt.dll
[0611/104147.879:ERROR:process_memory_win.cc(73)] ReadMemory at 0x7ff9bf220000 of 64 bytes failed: Only part of a ReadProcessMemory or WriteProcessMemory request was completed. (0x12B)
[0611/104147.879:WARNING:pe_image_reader.cc(340)] could not read dos header from C:\WINDOWS\System32\bcryptPrimitives.dll
[0611/104147.879:ERROR:process_memory_win.cc(73)] ReadMemory at 0x7ff9c0670000 of 64 bytes failed: Only part of a ReadProcessMemory or WriteProcessMemory request was completed. (0x12B)
[0611/104147.879:WARNING:pe_image_reader.cc(340)] could not read dos header from C:\WINDOWS\System32\ADVAPI32.dll
[0611/104147.879:ERROR:process_memory_win.cc(73)] ReadMemory at 0x7ff9c16e0000 of 64 bytes failed: Only part of a ReadProcessMemory or WriteProcessMemory request was completed. (0x12B)
[0611/104147.879:WARNING:pe_image_reader.cc(340)] could not read dos header from C:\WINDOWS\System32\sechost.dll
[0611/104147.879:ERROR:process_memory_win.cc(73)] ReadMemory at 0x7ff9c0550000 of 64 bytes failed: Only part of a ReadProcessMemory or WriteProcessMemory request was completed. (0x12B)
[0611/104147.879:WARNING:pe_image_reader.cc(340)] could not read dos header from C:\WINDOWS\System32\RPCRT4.dll
[0611/104147.879:ERROR:process_memory_win.cc(73)] ReadMemory at 0x7ff9730a0000 of 64 bytes failed: Only part of a ReadProcessMemory or WriteProcessMemory request was completed. (0x12B)
[0611/104147.879:WARNING:pe_image_reader.cc(340)] could not read dos header from C:\Program Files (x86)\Google\Chrome\Application\83.0.4103.97\chrome.dll
[0611/104147.879:ERROR:process_memory_win.cc(73)] ReadMemory at 0x7ff9c04e0000 of 64 bytes failed: Only part of a ReadProcessMemory or WriteProcessMemory request was completed. (0x12B)
[0611/104147.879:WARNING:pe_image_reader.cc(340)] could not read dos header from C:\WINDOWS\System32\WS2_32.dll
[0611/104147.879:ERROR:process_memory_win.cc(73)] ReadMemory at 0x7ff9c00c0000 of 64 bytes failed: Only part of a ReadProcessMemory or WriteProcessMemory request was completed. (0x12B)
[0611/104147.879:WARNING:pe_image_reader.cc(340)] could not read dos header from C:\WINDOWS\System32\OLEAUT32.dll
[0611/104147.879:ERROR:process_memory_win.cc(73)] ReadMemory at 0x7ff9be750000 of 64 bytes failed: Only part of a ReadProcessMemory or WriteProcessMemory request was completed. (0x12B)
[0611/104147.879:WARNING:pe_image_reader.cc(340)] could not read dos header from C:\WINDOWS\System32\msvcp_win.dll
[0611/104147.879:ERROR:process_memory_win.cc(73)] ReadMemory at 0x7ff9be940000 of 64 bytes failed: Only part of a ReadProcessMemory or WriteProcessMemory request was completed. (0x12B)
[0611/104147.879:WARNING:pe_image_reader.cc(340)] could not read dos header from C:\WINDOWS\System32\ucrtbase.dll
[0611/104147.879:ERROR:process_memory_win.cc(73)] ReadMemory at 0x7ff9c1200000 of 64 bytes failed: Only part of a ReadProcessMemory or WriteProcessMemory request was completed. (0x12B)
[0611/104147.879:WARNING:pe_image_reader.cc(340)] could not read dos header from C:\WINDOWS\System32\combase.dll
[0611/104147.879:ERROR:process_memory_win.cc(73)] ReadMemory at 0x7ff9bea40000 of 64 bytes failed: Only part of a ReadProcessMemory or WriteProcessMemory request was completed. (0x12B)
[0611/104147.879:WARNING:pe_image_reader.cc(340)] could not read dos header from C:\WINDOWS\System32\WINTRUST.dll
[0611/104147.879:ERROR:process_memory_win.cc(73)] ReadMemory at 0x7ff9be730000 of 64 bytes failed: Only part of a ReadProcessMemory or WriteProcessMemory request was completed. (0x12B)
[0611/104147.879:WARNING:pe_image_reader.cc(340)] could not read dos header from C:\WINDOWS\System32\MSASN1.dll
[0611/104147.879:ERROR:process_memory_win.cc(73)] ReadMemory at 0x7ff9be7f0000 of 64 bytes failed: Only part of a ReadProcessMemory or WriteProcessMemory request was completed. (0x12B)
[0611/104147.879:WARNING:pe_image_reader.cc(340)] could not read dos header from C:\WINDOWS\System32\CRYPT32.dll
[0611/104147.879:ERROR:process_memory_win.cc(73)] ReadMemory at 0x7ff9bdba0000 of 64 bytes failed: Only part of a ReadProcessMemory or WriteProcessMemory request was completed. (0x12B)
[0611/104147.879:WARNING:pe_image_reader.cc(340)] could not read dos header from C:\WINDOWS\SYSTEM32\IPHLPAPI.DLL
[0611/104147.879:ERROR:process_memory_win.cc(73)] ReadMemory at 0x7ff9bbf40000 of 64 bytes failed: Only part of a ReadProcessMemory or WriteProcessMemory request was completed. (0x12B)
[0611/104147.879:WARNING:pe_image_reader.cc(340)] could not read dos header from C:\WINDOWS\SYSTEM32\WINMM.dll
[0611/104147.879:ERROR:process_memory_win.cc(73)] ReadMemory at 0x7ff9bd7f0000 of 64 bytes failed: Only part of a ReadProcessMemory or WriteProcessMemory request was completed. (0x12B)
[0611/104147.879:WARNING:pe_image_reader.cc(340)] could not read dos header from C:\WINDOWS\SYSTEM32\Secur32.dll
[0611/104147.879:ERROR:process_memory_win.cc(73)] ReadMemory at 0x7ff9be5a0000 of 64 bytes failed: Only part of a ReadProcessMemory or WriteProcessMemory request was completed. (0x12B)
[0611/104147.879:WARNING:pe_image_reader.cc(340)] could not read dos header from C:\WINDOWS\SYSTEM32\USERENV.dll
[0611/104147.879:ERROR:process_memory_win.cc(73)] ReadMemory at 0x7ff9be690000 of 64 bytes failed: Only part of a ReadProcessMemory or WriteProcessMemory request was completed. (0x12B)
[0611/104147.879:WARNING:pe_image_reader.cc(340)] could not read dos header from C:\WINDOWS\System32\profapi.dll
[0611/104147.879:ERROR:process_memory_win.cc(73)] ReadMemory at 0x7ff99fbb0000 of 64 bytes failed: Only part of a ReadProcessMemory or WriteProcessMemory request was completed. (0x12B)
[0611/104147.879:WARNING:pe_image_reader.cc(340)] could not read dos header from C:\WINDOWS\SYSTEM32\UIAutomationCore.DLL
[0611/104147.879:ERROR:process_memory_win.cc(73)] ReadMemory at 0x7ff9b6460000 of 64 bytes failed: Only part of a ReadProcessMemory or WriteProcessMemory request was completed. (0x12B)
[0611/104147.879:WARNING:pe_image_reader.cc(340)] could not read dos header from C:\WINDOWS\SYSTEM32\DWrite.dll
[0611/104147.894:ERROR:process_memory_win.cc(73)] ReadMemory at 0x7ff9aaed0000 of 64 bytes failed: Only part of a ReadProcessMemory or WriteProcessMemory request was completed. (0x12B)
[0611/104147.894:WARNING:pe_image_reader.cc(340)] could not read dos header from C:\WINDOWS\SYSTEM32\WINSPOOL.DRV
[0611/104147.894:ERROR:process_memory_win.cc(73)] ReadMemory at 0x7ff9be710000 of 64 bytes failed: Only part of a ReadProcessMemory or WriteProcessMemory request was completed. (0x12B)
[0611/104147.894:WARNING:pe_image_reader.cc(340)] could not read dos header from C:\WINDOWS\System32\kernel.appcore.dll
[0611/104147.894:ERROR:process_memory_win.cc(73)] ReadMemory at 0x7ff9bf2a0000 of 64 bytes failed: Only part of a ReadProcessMemory or WriteProcessMemory request was completed. (0x12B)
[0611/104147.894:WARNING:pe_image_reader.cc(340)] could not read dos header from C:\WINDOWS\System32\bcrypt.dll
[0611/104147.894:ERROR:process_memory_win.cc(73)] ReadMemory at 0x7ff9bce50000 of 64 bytes failed: Only part of a ReadProcessMemory or WriteProcessMemory request was completed. (0x12B)
[0611/104147.894:WARNING:pe_image_reader.cc(340)] could not read dos header from C:\WINDOWS\SYSTEM32\dbghelp.dll
[0611/104147.894:ERROR:process_memory_win.cc(73)] ReadMemory at 0x7ff9b4d10000 of 64 bytes failed: Only part of a ReadProcessMemory or WriteProcessMemory request was completed. (0x12B)
[0611/104147.894:WARNING:pe_image_reader.cc(340)] could not read dos header from C:\WINDOWS\SYSTEM32\WINHTTP.dll
[0611/104147.894:ERROR:process_memory_win.cc(73)] ReadMemory at 0x7ff9b0fc0000 of 64 bytes failed: Only part of a ReadProcessMemory or WriteProcessMemory request was completed. (0x12B)
[0611/104147.894:WARNING:pe_image_reader.cc(340)] could not read dos header from C:\WINDOWS\SYSTEM32\dhcpcsvc.DLL
[0611/104147.894:ERROR:process_memory_win.cc(73)] ReadMemory at 0x7ff9c0280000 of 64 bytes failed: Only part of a ReadProcessMemory or WriteProcessMemory request was completed. (0x12B)
[0611/104147.894:WARNING:pe_image_reader.cc(340)] could not read dos header from C:\WINDOWS\System32\NSI.dll
[0611/104147.894:ERROR:process_memory_win.cc(73)] ReadMemory at 0x7ff9bbec0000 of 64 bytes failed: Only part of a ReadProcessMemory or WriteProcessMemory request was completed. (0x12B)
[0611/104147.894:WARNING:pe_image_reader.cc(340)] could not read dos header from C:\WINDOWS\SYSTEM32\WINMMBASE.dll
[0611/104147.894:ERROR:process_memory_win.cc(73)] ReadMemory at 0x7ff9bf820000 of 64 bytes failed: Only part of a ReadProcessMemory or WriteProcessMemory request was completed. (0x12B)
[0611/104147.894:WARNING:pe_image_reader.cc(340)] could not read dos header from C:\WINDOWS\System32\cfgmgr32.dll
[0611/104147.894:ERROR:process_memory_win.cc(73)] ReadMemory at 0x7ff9bc2c0000 of 64 bytes failed: Only part of a ReadProcessMemory or WriteProcessMemory request was completed. (0x12B)
[0611/104147.894:WARNING:pe_image_reader.cc(340)] could not read dos header from C:\WINDOWS\SYSTEM32\PROPSYS.dll
[0611/104147.894:ERROR:process_memory_win.cc(73)] ReadMemory at 0x7ff9c03d0000 of 64 bytes failed: Only part of a ReadProcessMemory or WriteProcessMemory request was completed. (0x12B)
[0611/104147.894:WARNING:pe_image_reader.cc(340)] could not read dos header from C:\WINDOWS\System32\shcore.dll
[0611/104147.894:ERROR:process_memory_win.cc(73)] ReadMemory at 0x7ff9be570000 of 64 bytes failed: Only part of a ReadProcessMemory or WriteProcessMemory request was completed. (0x12B)
[0611/104147.894:WARNING:pe_image_reader.cc(340)] could not read dos header from C:\WINDOWS\SYSTEM32\SSPICLI.DLL
[0611/104147.894:ERROR:process_memory_win.cc(73)] ReadMemory at 0x7ff9c08d0000 of 64 bytes failed: Only part of a ReadProcessMemory or WriteProcessMemory request was completed. (0x12B)
[0611/104147.894:WARNING:pe_image_reader.cc(340)] could not read dos header from C:\WINDOWS\System32\SHELL32.dll
[0611/104147.894:ERROR:process_memory_win.cc(73)] ReadMemory at 0x7ff9beaa0000 of 64 bytes failed: Only part of a ReadProcessMemory or WriteProcessMemory request was completed. (0x12B)
[0611/104147.894:WARNING:pe_image_reader.cc(340)] could not read dos header from C:\WINDOWS\System32\windows.storage.dll
[0611/104147.894:ERROR:process_memory_win.cc(73)] ReadMemory at 0x7ff9be6c0000 of 64 bytes failed: Only part of a ReadProcessMemory or WriteProcessMemory request was completed. (0x12B)
[0611/104147.894:WARNING:pe_image_reader.cc(340)] could not read dos header from C:\WINDOWS\System32\powrprof.dll
[0611/104147.894:ERROR:process_memory_win.cc(73)] ReadMemory at 0x7ff9be680000 of 64 bytes failed: Only part of a ReadProcessMemory or WriteProcessMemory request was completed. (0x12B)
[0611/104147.894:WARNING:pe_image_reader.cc(340)] could not read dos header from C:\WINDOWS\System32\UMPDC.dll
[0611/104147.894:ERROR:process_memory_win.cc(73)] ReadMemory at 0x209b6ad0000 of 64 bytes failed: Only part of a ReadProcessMemory or WriteProcessMemory request was completed. (0x12B)
[0611/104147.894:WARNING:pe_image_reader.cc(340)] could not read dos header from C:\WINDOWS\System32\shlwapi.dll
[0611/104147.894:ERROR:process_memory_win.cc(73)] ReadMemory at 0x7ff9c0250000 of 64 bytes failed: Only part of a ReadProcessMemory or WriteProcessMemory request was completed. (0x12B)
[0611/104147.894:WARNING:pe_image_reader.cc(340)] could not read dos header from C:\WINDOWS\System32\GDI32.dll
[0611/104147.894:ERROR:process_memory_win.cc(73)] ReadMemory at 0x7ff9bf7f0000 of 64 bytes failed: Only part of a ReadProcessMemory or WriteProcessMemory request was completed. (0x12B)
[0611/104147.894:WARNING:pe_image_reader.cc(340)] could not read dos header from C:\WINDOWS\System32\win32u.dll
[0611/104147.894:ERROR:process_memory_win.cc(73)] ReadMemory at 0x7ff9bf3a0000 of 64 bytes failed: Only part of a ReadProcessMemory or WriteProcessMemory request was completed. (0x12B)
[0611/104147.894:WARNING:pe_image_reader.cc(340)] could not read dos header from C:\WINDOWS\System32\gdi32full.dll
[0611/104147.894:ERROR:process_memory_win.cc(73)] ReadMemory at 0x7ff9c1540000 of 64 bytes failed: Only part of a ReadProcessMemory or WriteProcessMemory request was completed. (0x12B)
[0611/104147.894:WARNING:pe_image_reader.cc(340)] could not read dos header from C:\WINDOWS\System32\USER32.dll
[0611/104147.894:ERROR:process_memory_win.cc(73)] ReadMemory at 0x7ff9bf2d0000 of 64 bytes failed: Only part of a ReadProcessMemory or WriteProcessMemory request was completed. (0x12B)
[0611/104147.894:WARNING:pe_image_reader.cc(340)] could not read dos header from C:\WINDOWS\System32\cryptsp.dll
[0611/104147.894:ERROR:process_memory_win.cc(73)] ReadMemory at 0x7ff9c0210000 of 64 bytes failed: Only part of a ReadProcessMemory or WriteProcessMemory request was completed. (0x12B)
[0611/104147.894:WARNING:pe_image_reader.cc(340)] could not read dos header from C:\WINDOWS\System32\IMM32.DLL
[0611/104147.894:ERROR:process_memory_win.cc(73)] ReadMemory at 0x7ff9be060000 of 64 bytes failed: Only part of a ReadProcessMemory or WriteProcessMemory request was completed. (0x12B)
[0611/104147.894:WARNING:pe_image_reader.cc(340)] could not read dos header from C:\WINDOWS\SYSTEM32\CRYPTBASE.DLL
[0611/104147.894:ERROR:process_memory_win.cc(73)] ReadMemory at 0x7ff7942b0000 of 64 bytes failed: Only part of a ReadProcessMemory or WriteProcessMemory request was completed. (0x12B)
[0611/104147.894:WARNING:pe_image_reader.cc(340)] could not read dos header from C:\Program Files (x86)\Google\Chrome\Application\chrome.exe
[0611/104147.894:ERROR:process_memory_win.cc(73)] ReadMemory at 0x7ff9c17c0000 of 64 bytes failed: Only part of a ReadProcessMemory or WriteProcessMemory request was completed. (0x12B)
[0611/104147.894:WARNING:pe_image_reader.cc(340)] could not read dos header from C:\WINDOWS\SYSTEM32\ntdll.dll
[0611/104147.894:ERROR:process_memory_win.cc(73)] ReadMemory at 0x7ff9c1040000 of 64 bytes failed: Only part of a ReadProcessMemory or WriteProcessMemory request was completed. (0x12B)
[0611/104147.894:WARNING:pe_image_reader.cc(340)] could not read dos header from C:\WINDOWS\System32\KERNEL32.DLL
[0611/104147.894:ERROR:process_memory_win.cc(73)] ReadMemory at 0x7ff9bf540000 of 64 bytes failed: Only part of a ReadProcessMemory or WriteProcessMemory request was completed. (0x12B)
[0611/104147.894:WARNING:pe_image_reader.cc(340)] could not read dos header from C:\WINDOWS\System32\KERNELBASE.dll
[0611/104147.894:ERROR:process_memory_win.cc(73)] ReadMemory at 0x7ff995750000 of 64 bytes failed: Only part of a ReadProcessMemory or WriteProcessMemory request was completed. (0x12B)
[0611/104147.894:WARNING:pe_image_reader.cc(340)] could not read dos header from C:\Program Files (x86)\Google\Chrome\Application\83.0.4103.97\chrome_elf.dll
[0611/104147.894:ERROR:process_memory_win.cc(73)] ReadMemory at 0x7ff9bd7e0000 of 64 bytes failed: Only part of a ReadProcessMemory or WriteProcessMemory request was completed. (0x12B)
[0611/104147.894:WARNING:pe_image_reader.cc(340)] could not read dos header from C:\WINDOWS\SYSTEM32\VERSION.dll
[0611/104147.894:ERROR:process_memory_win.cc(73)] ReadMemory at 0x7ff9c1160000 of 64 bytes failed: Only part of a ReadProcessMemory or WriteProcessMemory request was completed. (0x12B)
[0611/104147.894:WARNING:pe_image_reader.cc(340)] could not read dos header from C:\WINDOWS\System32\msvcrt.dll
[0611/104147.894:ERROR:process_memory_win.cc(73)] ReadMemory at 0x7ff9bf220000 of 64 bytes failed: Only part of a ReadProcessMemory or WriteProcessMemory request was completed. (0x12B)
[0611/104147.894:WARNING:pe_image_reader.cc(340)] could not read dos header from C:\WINDOWS\System32\bcryptPrimitives.dll
[0611/104147.894:ERROR:process_memory_win.cc(73)] ReadMemory at 0x7ff9c0670000 of 64 bytes failed: Only part of a ReadProcessMemory or WriteProcessMemory request was completed. (0x12B)
[0611/104147.894:WARNING:pe_image_reader.cc(340)] could not read dos header from C:\WINDOWS\System32\ADVAPI32.dll
[0611/104147.894:ERROR:process_memory_win.cc(73)] ReadMemory at 0x7ff9c16e0000 of 64 bytes failed: Only part of a ReadProcessMemory or WriteProcessMemory request was completed. (0x12B)
[0611/104147.894:WARNING:pe_image_reader.cc(340)] could not read dos header from C:\WINDOWS\System32\sechost.dll
[0611/104147.894:ERROR:process_memory_win.cc(73)] ReadMemory at 0x7ff9c0550000 of 64 bytes failed: Only part of a ReadProcessMemory or WriteProcessMemory request was completed. (0x12B)
[0611/104147.894:WARNING:pe_image_reader.cc(340)] could not read dos header from C:\WINDOWS\System32\RPCRT4.dll
[0611/104147.894:ERROR:process_memory_win.cc(73)] ReadMemory at 0x7ff9730a0000 of 64 bytes failed: Only part of a ReadProcessMemory or WriteProcessMemory request was completed. (0x12B)
[0611/104147.894:WARNING:pe_image_reader.cc(340)] could not read dos header from C:\Program Files (x86)\Google\Chrome\Application\83.0.4103.97\chrome.dll
[0611/104147.894:ERROR:process_memory_win.cc(73)] ReadMemory at 0x7ff9c04e0000 of 64 bytes failed: Only part of a ReadProcessMemory or WriteProcessMemory request was completed. (0x12B)
[0611/104147.894:WARNING:pe_image_reader.cc(340)] could not read dos header from C:\WINDOWS\System32\WS2_32.dll
[0611/104147.894:ERROR:process_memory_win.cc(73)] ReadMemory at 0x7ff9c00c0000 of 64 bytes failed: Only part of a ReadProcessMemory or WriteProcessMemory request was completed. (0x12B)
[0611/104147.894:WARNING:pe_image_reader.cc(340)] could not read dos header from C:\WINDOWS\System32\OLEAUT32.dll
[0611/104147.894:ERROR:process_memory_win.cc(73)] ReadMemory at 0x7ff9be750000 of 64 bytes failed: Only part of a ReadProcessMemory or WriteProcessMemory request was completed. (0x12B)
[0611/104147.894:WARNING:pe_image_reader.cc(340)] could not read dos header from C:\WINDOWS\System32\msvcp_win.dll
[0611/104147.894:ERROR:process_memory_win.cc(73)] ReadMemory at 0x7ff9be940000 of 64 bytes failed: Only part of a ReadProcessMemory or WriteProcessMemory request was completed. (0x12B)
[0611/104147.894:WARNING:pe_image_reader.cc(340)] could not read dos header from C:\WINDOWS\System32\ucrtbase.dll
[0611/104147.894:ERROR:process_memory_win.cc(73)] ReadMemory at 0x7ff9c1200000 of 64 bytes failed: Only part of a ReadProcessMemory or WriteProcessMemory request was completed. (0x12B)
[0611/104147.894:WARNING:pe_image_reader.cc(340)] could not read dos header from C:\WINDOWS\System32\combase.dll
[0611/104147.894:ERROR:process_memory_win.cc(73)] ReadMemory at 0x7ff9bea40000 of 64 bytes failed: Only part of a ReadProcessMemory or WriteProcessMemory request was completed. (0x12B)
[0611/104147.894:WARNING:pe_image_reader.cc(340)] could not read dos header from C:\WINDOWS\System32\WINTRUST.dll
[0611/104147.894:ERROR:process_memory_win.cc(73)] ReadMemory at 0x7ff9be730000 of 64 bytes failed: Only part of a ReadProcessMemory or WriteProcessMemory request was completed. (0x12B)
[0611/104147.894:WARNING:pe_image_reader.cc(340)] could not read dos header from C:\WINDOWS\System32\MSASN1.dll
[0611/104147.894:ERROR:process_memory_win.cc(73)] ReadMemory at 0x7ff9be7f0000 of 64 bytes failed: Only part of a ReadProcessMemory or WriteProcessMemory request was completed. (0x12B)
[0611/104147.894:WARNING:pe_image_reader.cc(340)] could not read dos header from C:\WINDOWS\System32\CRYPT32.dll
[0611/104147.894:ERROR:process_memory_win.cc(73)] ReadMemory at 0x7ff9bdba0000 of 64 bytes failed: Only part of a ReadProcessMemory or WriteProcessMemory request was completed. (0x12B)
[0611/104147.894:WARNING:pe_image_reader.cc(340)] could not read dos header from C:\WINDOWS\SYSTEM32\IPHLPAPI.DLL
[0611/104147.894:ERROR:process_memory_win.cc(73)] ReadMemory at 0x7ff9bbf40000 of 64 bytes failed: Only part of a ReadProcessMemory or WriteProcessMemory request was completed. (0x12B)
[0611/104147.894:WARNING:pe_image_reader.cc(340)] could not read dos header from C:\WINDOWS\SYSTEM32\WINMM.dll
[0611/104147.894:ERROR:process_memory_win.cc(73)] ReadMemory at 0x7ff9bd7f0000 of 64 bytes failed: Only part of a ReadProcessMemory or WriteProcessMemory request was completed. (0x12B)
[0611/104147.894:WARNING:pe_image_reader.cc(340)] could not read dos header from C:\WINDOWS\SYSTEM32\Secur32.dll
[0611/104147.894:ERROR:process_memory_win.cc(73)] ReadMemory at 0x7ff9be5a0000 of 64 bytes failed: Only part of a ReadProcessMemory or WriteProcessMemory request was completed. (0x12B)
[0611/104147.894:WARNING:pe_image_reader.cc(340)] could not read dos header from C:\WINDOWS\SYSTEM32\USERENV.dll
[0611/104147.894:ERROR:process_memory_win.cc(73)] ReadMemory at 0x7ff9be690000 of 64 bytes failed: Only part of a ReadProcessMemory or WriteProcessMemory request was completed. (0x12B)
[0611/104147.894:WARNING:pe_image_reader.cc(340)] could not read dos header from C:\WINDOWS\System32\profapi.dll
[0611/104147.894:ERROR:process_memory_win.cc(73)] ReadMemory at 0x7ff99fbb0000 of 64 bytes failed: Only part of a ReadProcessMemory or WriteProcessMemory request was completed. (0x12B)
[0611/104147.894:WARNING:pe_image_reader.cc(340)] could not read dos header from C:\WINDOWS\SYSTEM32\UIAutomationCore.DLL
[0611/104147.894:ERROR:process_memory_win.cc(73)] ReadMemory at 0x7ff9b6460000 of 64 bytes failed: Only part of a ReadProcessMemory or WriteProcessMemory request was completed. (0x12B)
[0611/104147.894:WARNING:pe_image_reader.cc(340)] could not read dos header from C:\WINDOWS\SYSTEM32\DWrite.dll
[0611/104147.894:ERROR:process_memory_win.cc(73)] ReadMemory at 0x7ff9aaed0000 of 64 bytes failed: Only part of a ReadProcessMemory or WriteProcessMemory request was completed. (0x12B)
[0611/104147.894:WARNING:pe_image_reader.cc(340)] could not read dos header from C:\WINDOWS\SYSTEM32\WINSPOOL.DRV
[0611/104147.894:ERROR:process_memory_win.cc(73)] ReadMemory at 0x7ff9be710000 of 64 bytes failed: Only part of a ReadProcessMemory or WriteProcessMemory request was completed. (0x12B)
[0611/104147.894:WARNING:pe_image_reader.cc(340)] could not read dos header from C:\WINDOWS\System32\kernel.appcore.dll
[0611/104147.894:ERROR:process_memory_win.cc(73)] ReadMemory at 0x7ff9bf2a0000 of 64 bytes failed: Only part of a ReadProcessMemory or WriteProcessMemory request was completed. (0x12B)
[0611/104147.894:WARNING:pe_image_reader.cc(340)] could not read dos header from C:\WINDOWS\System32\bcrypt.dll
[0611/104147.894:ERROR:process_memory_win.cc(73)] ReadMemory at 0x7ff9bce50000 of 64 bytes failed: Only part of a ReadProcessMemory or WriteProcessMemory request was completed. (0x12B)
[0611/104147.894:WARNING:pe_image_reader.cc(340)] could not read dos header from C:\WINDOWS\SYSTEM32\dbghelp.dll
[0611/104147.894:ERROR:process_memory_win.cc(73)] ReadMemory at 0x7ff9b4d10000 of 64 bytes failed: Only part of a ReadProcessMemory or WriteProcessMemory request was completed. (0x12B)
[0611/104147.894:WARNING:pe_image_reader.cc(340)] could not read dos header from C:\WINDOWS\SYSTEM32\WINHTTP.dll
[0611/104147.894:ERROR:process_memory_win.cc(73)] ReadMemory at 0x7ff9b0fc0000 of 64 bytes failed: Only part of a ReadProcessMemory or WriteProcessMemory request was completed. (0x12B)
[0611/104147.894:WARNING:pe_image_reader.cc(340)] could not read dos header from C:\WINDOWS\SYSTEM32\dhcpcsvc.DLL
[0611/104147.894:ERROR:process_memory_win.cc(73)] ReadMemory at 0x7ff9c0280000 of 64 bytes failed: Only part of a ReadProcessMemory or WriteProcessMemory request was completed. (0x12B)
[0611/104147.894:WARNING:pe_image_reader.cc(340)] could not read dos header from C:\WINDOWS\System32\NSI.dll
[0611/104147.894:ERROR:process_memory_win.cc(73)] ReadMemory at 0x7ff9bbec0000 of 64 bytes failed: Only part of a ReadProcessMemory or WriteProcessMemory request was completed. (0x12B)
[0611/104147.894:WARNING:pe_image_reader.cc(340)] could not read dos header from C:\WINDOWS\SYSTEM32\WINMMBASE.dll
[0611/104147.894:ERROR:process_memory_win.cc(73)] ReadMemory at 0x7ff9bf820000 of 64 bytes failed: Only part of a ReadProcessMemory or WriteProcessMemory request was completed. (0x12B)
[0611/104147.894:WARNING:pe_image_reader.cc(340)] could not read dos header from C:\WINDOWS\System32\cfgmgr32.dll
[0611/104147.894:ERROR:process_memory_win.cc(73)] ReadMemory at 0x7ff9bc2c0000 of 64 bytes failed: Only part of a ReadProcessMemory or WriteProcessMemory request was completed. (0x12B)
[0611/104147.894:WARNING:pe_image_reader.cc(340)] could not read dos header from C:\WINDOWS\SYSTEM32\PROPSYS.dll
[0611/104147.894:ERROR:process_memory_win.cc(73)] ReadMemory at 0x7ff9c03d0000 of 64 bytes failed: Only part of a ReadProcessMemory or WriteProcessMemory request was completed. (0x12B)
[0611/104147.894:WARNING:pe_image_reader.cc(340)] could not read dos header from C:\WINDOWS\System32\shcore.dll
[0611/104147.894:ERROR:process_memory_win.cc(73)] ReadMemory at 0x7ff9be570000 of 64 bytes failed: Only part of a ReadProcessMemory or WriteProcessMemory request was completed. (0x12B)
[0611/104147.894:WARNING:pe_image_reader.cc(340)] could not read dos header from C:\WINDOWS\SYSTEM32\SSPICLI.DLL
[0611/104147.894:ERROR:process_memory_win.cc(73)] ReadMemory at 0x7ff9c08d0000 of 64 bytes failed: Only part of a ReadProcessMemory or WriteProcessMemory request was completed. (0x12B)
[0611/104147.894:WARNING:pe_image_reader.cc(340)] could not read dos header from C:\WINDOWS\System32\SHELL32.dll
[0611/104147.894:ERROR:process_memory_win.cc(73)] ReadMemory at 0x7ff9beaa0000 of 64 bytes failed: Only part of a ReadProcessMemory or WriteProcessMemory request was completed. (0x12B)
[0611/104147.894:WARNING:pe_image_reader.cc(340)] could not read dos header from C:\WINDOWS\System32\windows.storage.dll
[0611/104147.894:ERROR:process_memory_win.cc(73)] ReadMemory at 0x7ff9be6c0000 of 64 bytes failed: Only part of a ReadProcessMemory or WriteProcessMemory request was completed. (0x12B)
[0611/104147.894:WARNING:pe_image_reader.cc(340)] could not read dos header from C:\WINDOWS\System32\powrprof.dll
[0611/104147.894:ERROR:process_memory_win.cc(73)] ReadMemory at 0x7ff9be680000 of 64 bytes failed: Only part of a ReadProcessMemory or WriteProcessMemory request was completed. (0x12B)
[0611/104147.894:WARNING:pe_image_reader.cc(340)] could not read dos header from C:\WINDOWS\System32\UMPDC.dll
[0611/104147.894:ERROR:process_memory_win.cc(73)] ReadMemory at 0x209b6ad0000 of 64 bytes failed: Only part of a ReadProcessMemory or WriteProcessMemory request was completed. (0x12B)
[0611/104147.894:WARNING:pe_image_reader.cc(340)] could not read dos header from C:\WINDOWS\System32\shlwapi.dll
[0611/104147.894:ERROR:process_memory_win.cc(73)] ReadMemory at 0x7ff9c0250000 of 64 bytes failed: Only part of a ReadProcessMemory or WriteProcessMemory request was completed. (0x12B)
[0611/104147.894:WARNING:pe_image_reader.cc(340)] could not read dos header from C:\WINDOWS\System32\GDI32.dll
[0611/104147.894:ERROR:process_memory_win.cc(73)] ReadMemory at 0x7ff9bf7f0000 of 64 bytes failed: Only part of a ReadProcessMemory or WriteProcessMemory request was completed. (0x12B)
[0611/104147.894:WARNING:pe_image_reader.cc(340)] could not read dos header from C:\WINDOWS\System32\win32u.dll
[0611/104147.894:ERROR:process_memory_win.cc(73)] ReadMemory at 0x7ff9bf3a0000 of 64 bytes failed: Only part of a ReadProcessMemory or WriteProcessMemory request was completed. (0x12B)
[0611/104147.894:WARNING:pe_image_reader.cc(340)] could not read dos header from C:\WINDOWS\System32\gdi32full.dll
[0611/104147.894:ERROR:process_memory_win.cc(73)] ReadMemory at 0x7ff9c1540000 of 64 bytes failed: Only part of a ReadProcessMemory or WriteProcessMemory request was completed. (0x12B)
[0611/104147.894:WARNING:pe_image_reader.cc(340)] could not read dos header from C:\WINDOWS\System32\USER32.dll
[0611/104147.894:ERROR:process_memory_win.cc(73)] ReadMemory at 0x7ff9bf2d0000 of 64 bytes failed: Only part of a ReadProcessMemory or WriteProcessMemory request was completed. (0x12B)
[0611/104147.894:WARNING:pe_image_reader.cc(340)] could not read dos header from C:\WINDOWS\System32\cryptsp.dll
[0611/104147.894:ERROR:process_memory_win.cc(73)] ReadMemory at 0x7ff9c0210000 of 64 bytes failed: Only part of a ReadProcessMemory or WriteProcessMemory request was completed. (0x12B)
[0611/104147.894:WARNING:pe_image_reader.cc(340)] could not read dos header from C:\WINDOWS\System32\IMM32.DLL
[0611/104147.894:ERROR:process_memory_win.cc(73)] ReadMemory at 0x7ff9be060000 of 64 bytes failed: Only part of a ReadProcessMemory or WriteProcessMemory request was completed. (0x12B)
[0611/104147.894:WARNING:pe_image_reader.cc(340)] could not read dos header from C:\WINDOWS\SYSTEM32\CRYPTBASE.DLL
[0611/104147.894:ERROR:process_memory_win.cc(73)] ReadMemory at 0x7ff7942b0000 of 64 bytes failed: Only part of a ReadProcessMemory or WriteProcessMemory request was completed. (0x12B)
[0611/104147.894:WARNING:pe_image_reader.cc(340)] could not read dos header from C:\Program Files (x86)\Google\Chrome\Application\chrome.exe
[0611/104147.894:ERROR:process_memory_win.cc(73)] ReadMemory at 0x7ff9c17c0000 of 64 bytes failed: Only part of a ReadProcessMemory or WriteProcessMemory request was completed. (0x12B)
[0611/104147.894:WARNING:pe_image_reader.cc(340)] could not read dos header from C:\WINDOWS\SYSTEM32\ntdll.dll
[0611/104147.894:ERROR:process_memory_win.cc(73)] ReadMemory at 0x7ff9c1040000 of 64 bytes failed: Only part of a ReadProcessMemory or WriteProcessMemory request was completed. (0x12B)
[0611/104147.894:WARNING:pe_image_reader.cc(340)] could not read dos header from C:\WINDOWS\System32\KERNEL32.DLL
[0611/104147.894:ERROR:process_memory_win.cc(73)] ReadMemory at 0x7ff9bf540000 of 64 bytes failed: Only part of a ReadProcessMemory or WriteProcessMemory request was completed. (0x12B)
[0611/104147.894:WARNING:pe_image_reader.cc(340)] could not read dos header from C:\WINDOWS\System32\KERNELBASE.dll
[0611/104147.894:ERROR:process_memory_win.cc(73)] ReadMemory at 0x7ff995750000 of 64 bytes failed: Only part of a ReadProcessMemory or WriteProcessMemory request was completed. (0x12B)
[0611/104147.894:WARNING:pe_image_reader.cc(340)] could not read dos header from C:\Program Files (x86)\Google\Chrome\Application\83.0.4103.97\chrome_elf.dll
[0611/104147.894:ERROR:process_memory_win.cc(73)] ReadMemory at 0x7ff9bd7e0000 of 64 bytes failed: Only part of a ReadProcessMemory or WriteProcessMemory request was completed. (0x12B)
[0611/104147.894:WARNING:pe_image_reader.cc(340)] could not read dos header from C:\WINDOWS\SYSTEM32\VERSION.dll
[0611/104147.894:ERROR:process_memory_win.cc(73)] ReadMemory at 0x7ff9c1160000 of 64 bytes failed: Only part of a ReadProcessMemory or WriteProcessMemory request was completed. (0x12B)
[0611/104147.894:WARNING:pe_image_reader.cc(340)] could not read dos header from C:\WINDOWS\System32\msvcrt.dll
[0611/104147.894:ERROR:process_memory_win.cc(73)] ReadMemory at 0x7ff9bf220000 of 64 bytes failed: Only part of a ReadProcessMemory or WriteProcessMemory request was completed. (0x12B)
[0611/104147.894:WARNING:pe_image_reader.cc(340)] could not read dos header from C:\WINDOWS\System32\bcryptPrimitives.dll
[0611/104147.894:ERROR:process_memory_win.cc(73)] ReadMemory at 0x7ff9c0670000 of 64 bytes failed: Only part of a ReadProcessMemory or WriteProcessMemory request was completed. (0x12B)
[0611/104147.894:WARNING:pe_image_reader.cc(340)] could not read dos header from C:\WINDOWS\System32\ADVAPI32.dll
[0611/104147.894:ERROR:process_memory_win.cc(73)] ReadMemory at 0x7ff9c16e0000 of 64 bytes failed: Only part of a ReadProcessMemory or WriteProcessMemory request was completed. (0x12B)
[0611/104147.894:WARNING:pe_image_reader.cc(340)] could not read dos header from C:\WINDOWS\System32\sechost.dll
[0611/104147.894:ERROR:process_memory_win.cc(73)] ReadMemory at 0x7ff9c0550000 of 64 bytes failed: Only part of a ReadProcessMemory or WriteProcessMemory request was completed. (0x12B)
[0611/104147.894:WARNING:pe_image_reader.cc(340)] could not read dos header from C:\WINDOWS\System32\RPCRT4.dll
[0611/104147.894:ERROR:process_memory_win.cc(73)] ReadMemory at 0x7ff9730a0000 of 64 bytes failed: Only part of a ReadProcessMemory or WriteProcessMemory request was completed. (0x12B)
[0611/104147.894:WARNING:pe_image_reader.cc(340)] could not read dos header from C:\Program Files (x86)\Google\Chrome\Application\83.0.4103.97\chrome.dll
[0611/104147.894:ERROR:process_memory_win.cc(73)] ReadMemory at 0x7ff9c04e0000 of 64 bytes failed: Only part of a ReadProcessMemory or WriteProcessMemory request was completed. (0x12B)
[0611/104147.894:WARNING:pe_image_reader.cc(340)] could not read dos header from C:\WINDOWS\System32\WS2_32.dll
[0611/104147.894:ERROR:process_memory_win.cc(73)] ReadMemory at 0x7ff9c00c0000 of 64 bytes failed: Only part of a ReadProcessMemory or WriteProcessMemory request was completed. (0x12B)
[0611/104147.894:WARNING:pe_image_reader.cc(340)] could not read dos header from C:\WINDOWS\System32\OLEAUT32.dll
[0611/104147.894:ERROR:process_memory_win.cc(73)] ReadMemory at 0x7ff9be750000 of 64 bytes failed: Only part of a ReadProcessMemory or WriteProcessMemory request was completed. (0x12B)
[0611/104147.894:WARNING:pe_image_reader.cc(340)] could not read dos header from C:\WINDOWS\System32\msvcp_win.dll
[0611/104147.894:ERROR:process_memory_win.cc(73)] ReadMemory at 0x7ff9be940000 of 64 bytes failed: Only part of a ReadProcessMemory or WriteProcessMemory request was completed. (0x12B)
[0611/104147.894:WARNING:pe_image_reader.cc(340)] could not read dos header from C:\WINDOWS\System32\ucrtbase.dll
[0611/104147.894:ERROR:process_memory_win.cc(73)] ReadMemory at 0x7ff9c1200000 of 64 bytes failed: Only part of a ReadProcessMemory or WriteProcessMemory request was completed. (0x12B)
[0611/104147.894:WARNING:pe_image_reader.cc(340)] could not read dos header from C:\WINDOWS\System32\combase.dll
[0611/104147.894:ERROR:process_memory_win.cc(73)] ReadMemory at 0x7ff9bea40000 of 64 bytes failed: Only part of a ReadProcessMemory or WriteProcessMemory request was completed. (0x12B)
[0611/104147.894:WARNING:pe_image_reader.cc(340)] could not read dos header from C:\WINDOWS\System32\WINTRUST.dll
[0611/104147.894:ERROR:process_memory_win.cc(73)] ReadMemory at 0x7ff9be730000 of 64 bytes failed: Only part of a ReadProcessMemory or WriteProcessMemory request was completed. (0x12B)
[0611/104147.894:WARNING:pe_image_reader.cc(340)] could not read dos header from C:\WINDOWS\System32\MSASN1.dll
[0611/104147.894:ERROR:process_memory_win.cc(73)] ReadMemory at 0x7ff9be7f0000 of 64 bytes failed: Only part of a ReadProcessMemory or WriteProcessMemory request was completed. (0x12B)
[0611/104147.894:WARNING:pe_image_reader.cc(340)] could not read dos header from C:\WINDOWS\System32\CRYPT32.dll
[0611/104147.894:ERROR:process_memory_win.cc(73)] ReadMemory at 0x7ff9bdba0000 of 64 bytes failed: Only part of a ReadProcessMemory or WriteProcessMemory request was completed. (0x12B)
[0611/104147.894:WARNING:pe_image_reader.cc(340)] could not read dos header from C:\WINDOWS\SYSTEM32\IPHLPAPI.DLL
[0611/104147.894:ERROR:process_memory_win.cc(73)] ReadMemory at 0x7ff9bbf40000 of 64 bytes failed: Only part of a ReadProcessMemory or WriteProcessMemory request was completed. (0x12B)
[0611/104147.894:WARNING:pe_image_reader.cc(340)] could not read dos header from C:\WINDOWS\SYSTEM32\WINMM.dll
[0611/104147.894:ERROR:process_memory_win.cc(73)] ReadMemory at 0x7ff9bd7f0000 of 64 bytes failed: Only part of a ReadProcessMemory or WriteProcessMemory request was completed. (0x12B)
[0611/104147.894:WARNING:pe_image_reader.cc(340)] could not read dos header from C:\WINDOWS\SYSTEM32\Secur32.dll
[0611/104147.894:ERROR:process_memory_win.cc(73)] ReadMemory at 0x7ff9be5a0000 of 64 bytes failed: Only part of a ReadProcessMemory or WriteProcessMemory request was completed. (0x12B)
[0611/104147.894:WARNING:pe_image_reader.cc(340)] could not read dos header from C:\WINDOWS\SYSTEM32\USERENV.dll
[0611/104147.894:ERROR:process_memory_win.cc(73)] ReadMemory at 0x7ff9be690000 of 64 bytes failed: Only part of a ReadProcessMemory or WriteProcessMemory request was completed. (0x12B)
[0611/104147.894:WARNING:pe_image_reader.cc(340)] could not read dos header from C:\WINDOWS\System32\profapi.dll
[0611/104147.894:ERROR:process_memory_win.cc(73)] ReadMemory at 0x7ff99fbb0000 of 64 bytes failed: Only part of a ReadProcessMemory or WriteProcessMemory request was completed. (0x12B)
[0611/104147.894:WARNING:pe_image_reader.cc(340)] could not read dos header from C:\WINDOWS\SYSTEM32\UIAutomationCore.DLL
[0611/104147.894:ERROR:process_memory_win.cc(73)] ReadMemory at 0x7ff9b6460000 of 64 bytes failed: Only part of a ReadProcessMemory or WriteProcessMemory request was completed. (0x12B)
[0611/104147.894:WARNING:pe_image_reader.cc(340)] could not read dos header from C:\WINDOWS\SYSTEM32\DWrite.dll
[0611/104147.894:ERROR:process_memory_win.cc(73)] ReadMemory at 0x7ff9aaed0000 of 64 bytes failed: Only part of a ReadProcessMemory or WriteProcessMemory request was completed. (0x12B)
[0611/104147.894:WARNING:pe_image_reader.cc(340)] could not read dos header from C:\WINDOWS\SYSTEM32\WINSPOOL.DRV
[0611/104147.894:ERROR:process_memory_win.cc(73)] ReadMemory at 0x7ff9be710000 of 64 bytes failed: Only part of a ReadProcessMemory or WriteProcessMemory request was completed. (0x12B)
[0611/104147.894:WARNING:pe_image_reader.cc(340)] could not read dos header from C:\WINDOWS\System32\kernel.appcore.dll
[0611/104147.894:ERROR:process_memory_win.cc(73)] ReadMemory at 0x7ff9bf2a0000 of 64 bytes failed: Only part of a ReadProcessMemory or WriteProcessMemory request was completed. (0x12B)
[0611/104147.894:WARNING:pe_image_reader.cc(340)] could not read dos header from C:\WINDOWS\System32\bcrypt.dll
[0611/104147.894:ERROR:process_memory_win.cc(73)] ReadMemory at 0x7ff9bce50000 of 64 bytes failed: Only part of a ReadProcessMemory or WriteProcessMemory request was completed. (0x12B)
[0611/104147.894:WARNING:pe_image_reader.cc(340)] could not read dos header from C:\WINDOWS\SYSTEM32\dbghelp.dll
[0611/104147.894:ERROR:process_memory_win.cc(73)] ReadMemory at 0x7ff9b4d10000 of 64 bytes failed: Only part of a ReadProcessMemory or WriteProcessMemory request was completed. (0x12B)
[0611/104147.894:WARNING:pe_image_reader.cc(340)] could not read dos header from C:\WINDOWS\SYSTEM32\WINHTTP.dll
[0611/104147.894:ERROR:process_memory_win.cc(73)] ReadMemory at 0x7ff9b0fc0000 of 64 bytes failed: Only part of a ReadProcessMemory or WriteProcessMemory request was completed. (0x12B)
[0611/104147.894:WARNING:pe_image_reader.cc(340)] could not read dos header from C:\WINDOWS\SYSTEM32\dhcpcsvc.DLL
[0611/104147.894:ERROR:process_memory_win.cc(73)] ReadMemory at 0x7ff9c0280000 of 64 bytes failed: Only part of a ReadProcessMemory or WriteProcessMemory request was completed. (0x12B)
[0611/104147.894:WARNING:pe_image_reader.cc(340)] could not read dos header from C:\WINDOWS\System32\NSI.dll
[0611/104147.910:ERROR:process_memory_win.cc(73)] ReadMemory at 0x7ff9bbec0000 of 64 bytes failed: Only part of a ReadProcessMemory or WriteProcessMemory request was completed. (0x12B)
[0611/104147.910:WARNING:pe_image_reader.cc(340)] could not read dos header from C:\WINDOWS\SYSTEM32\WINMMBASE.dll
[0611/104147.910:ERROR:process_memory_win.cc(73)] ReadMemory at 0x7ff9bf820000 of 64 bytes failed: Only part of a ReadProcessMemory or WriteProcessMemory request was completed. (0x12B)
[0611/104147.910:WARNING:pe_image_reader.cc(340)] could not read dos header from C:\WINDOWS\System32\cfgmgr32.dll
[0611/104147.910:ERROR:process_memory_win.cc(73)] ReadMemory at 0x7ff9bc2c0000 of 64 bytes failed: Only part of a ReadProcessMemory or WriteProcessMemory request was completed. (0x12B)
[0611/104147.910:WARNING:pe_image_reader.cc(340)] could not read dos header from C:\WINDOWS\SYSTEM32\PROPSYS.dll
[0611/104147.910:ERROR:process_memory_win.cc(73)] ReadMemory at 0x7ff9c03d0000 of 64 bytes failed: Only part of a ReadProcessMemory or WriteProcessMemory request was completed. (0x12B)
[0611/104147.910:WARNING:pe_image_reader.cc(340)] could not read dos header from C:\WINDOWS\System32\shcore.dll
[0611/104147.910:ERROR:process_memory_win.cc(73)] ReadMemory at 0x7ff9be570000 of 64 bytes failed: Only part of a ReadProcessMemory or WriteProcessMemory request was completed. (0x12B)
[0611/104147.910:WARNING:pe_image_reader.cc(340)] could not read dos header from C:\WINDOWS\SYSTEM32\SSPICLI.DLL
[0611/104147.910:ERROR:process_memory_win.cc(73)] ReadMemory at 0x7ff9c08d0000 of 64 bytes failed: Only part of a ReadProcessMemory or WriteProcessMemory request was completed. (0x12B)
[0611/104147.910:WARNING:pe_image_reader.cc(340)] could not read dos header from C:\WINDOWS\System32\SHELL32.dll
[0611/104147.910:ERROR:process_memory_win.cc(73)] ReadMemory at 0x7ff9beaa0000 of 64 bytes failed: Only part of a ReadProcessMemory or WriteProcessMemory request was completed. (0x12B)
[0611/104147.910:WARNING:pe_image_reader.cc(340)] could not read dos header from C:\WINDOWS\System32\windows.storage.dll
[0611/104147.910:ERROR:process_memory_win.cc(73)] ReadMemory at 0x7ff9be6c0000 of 64 bytes failed: Only part of a ReadProcessMemory or WriteProcessMemory request was completed. (0x12B)
[0611/104147.910:WARNING:pe_image_reader.cc(340)] could not read dos header from C:\WINDOWS\System32\powrprof.dll
[0611/104147.910:ERROR:process_memory_win.cc(73)] ReadMemory at 0x7ff9be680000 of 64 bytes failed: Only part of a ReadProcessMemory or WriteProcessMemory request was completed. (0x12B)
[0611/104147.910:WARNING:pe_image_reader.cc(340)] could not read dos header from C:\WINDOWS\System32\UMPDC.dll
[0611/104147.910:ERROR:process_memory_win.cc(73)] ReadMemory at 0x209b6ad0000 of 64 bytes failed: Only part of a ReadProcessMemory or WriteProcessMemory request was completed. (0x12B)
[0611/104147.910:WARNING:pe_image_reader.cc(340)] could not read dos header from C:\WINDOWS\System32\shlwapi.dll
[0611/104147.910:ERROR:process_memory_win.cc(73)] ReadMemory at 0x7ff9c0250000 of 64 bytes failed: Only part of a ReadProcessMemory or WriteProcessMemory request was completed. (0x12B)
[0611/104147.910:WARNING:pe_image_reader.cc(340)] could not read dos header from C:\WINDOWS\System32\GDI32.dll
[0611/104147.910:ERROR:process_memory_win.cc(73)] ReadMemory at 0x7ff9bf7f0000 of 64 bytes failed: Only part of a ReadProcessMemory or WriteProcessMemory request was completed. (0x12B)
[0611/104147.910:WARNING:pe_image_reader.cc(340)] could not read dos header from C:\WINDOWS\System32\win32u.dll
[0611/104147.910:ERROR:process_memory_win.cc(73)] ReadMemory at 0x7ff9bf3a0000 of 64 bytes failed: Only part of a ReadProcessMemory or WriteProcessMemory request was completed. (0x12B)
[0611/104147.910:WARNING:pe_image_reader.cc(340)] could not read dos header from C:\WINDOWS\System32\gdi32full.dll
[0611/104147.910:ERROR:process_memory_win.cc(73)] ReadMemory at 0x7ff9c1540000 of 64 bytes failed: Only part of a ReadProcessMemory or WriteProcessMemory request was completed. (0x12B)
[0611/104147.910:WARNING:pe_image_reader.cc(340)] could not read dos header from C:\WINDOWS\System32\USER32.dll
[0611/104147.910:ERROR:process_memory_win.cc(73)] ReadMemory at 0x7ff9bf2d0000 of 64 bytes failed: Only part of a ReadProcessMemory or WriteProcessMemory request was completed. (0x12B)
[0611/104147.910:WARNING:pe_image_reader.cc(340)] could not read dos header from C:\WINDOWS\System32\cryptsp.dll
[0611/104147.910:ERROR:process_memory_win.cc(73)] ReadMemory at 0x7ff9c0210000 of 64 bytes failed: Only part of a ReadProcessMemory or WriteProcessMemory request was completed. (0x12B)
[0611/104147.910:WARNING:pe_image_reader.cc(340)] could not read dos header from C:\WINDOWS\System32\IMM32.DLL
[0611/104147.910:ERROR:process_memory_win.cc(73)] ReadMemory at 0x7ff9be060000 of 64 bytes failed: Only part of a ReadProcessMemory or WriteProcessMemory request was completed. (0x12B)
[0611/104147.910:WARNING:pe_image_reader.cc(340)] could not read dos header from C:\WINDOWS\SYSTEM32\CRYPTBASE.DLL
[0611/104147.910:ERROR:process_memory_win.cc(73)] ReadMemory at 0x93d35e6000 of 106496 bytes failed: Only part of a ReadProcessMemory or WriteProcessMemory request was completed. (0x12B)
[0611/104147.910:ERROR:process_memory_win.cc(73)] ReadMemory at 0x93d3dfd000 of 12288 bytes failed: Only part of a ReadProcessMemory or WriteProcessMemory request was completed. (0x12B)
[0611/104147.910:ERROR:process_memory_win.cc(73)] ReadMemory at 0x93d45f7000 of 36864 bytes failed: Only part of a ReadProcessMemory or WriteProcessMemory request was completed. (0x12B)
[0611/104147.910:ERROR:process_memory_win.cc(73)] ReadMemory at 0x93d4dfd000 of 12288 bytes failed: Only part of a ReadProcessMemory or WriteProcessMemory request was completed. (0x12B)
[0611/104147.926:ERROR:process_memory_win.cc(73)] ReadMemory at 0x93d55fc000 of 16384 bytes failed: Only part of a ReadProcessMemory or WriteProcessMemory request was completed. (0x12B)
[0611/104147.926:ERROR:process_memory_win.cc(73)] ReadMemory at 0x93d5dfe000 of 8192 bytes failed: Only part of a ReadProcessMemory or WriteProcessMemory request was completed. (0x12B)
[0611/104147.926:ERROR:process_memory_win.cc(73)] ReadMemory at 0x93d65fd000 of 12288 bytes failed: Only part of a ReadProcessMemory or WriteProcessMemory request was completed. (0x12B)
[0611/104147.926:ERROR:process_memory_win.cc(73)] ReadMemory at 0x93d6dfb000 of 20480 bytes failed: Only part of a ReadProcessMemory or WriteProcessMemory request was completed. (0x12B)
[0611/104147.926:ERROR:process_memory_win.cc(73)] ReadMemory at 0x93d7dfc000 of 16384 bytes failed: Only part of a ReadProcessMemory or WriteProcessMemory request was completed. (0x12B)
[0611/104147.926:ERROR:process_memory_win.cc(73)] ReadMemory at 0x93d85f6000 of 40960 bytes failed: Only part of a ReadProcessMemory or WriteProcessMemory request was completed. (0x12B)
[0611/104147.926:ERROR:process_memory_win.cc(73)] ReadMemory at 0x93d8df5000 of 45056 bytes failed: Only part of a ReadProcessMemory or WriteProcessMemory request was completed. (0x12B)
[0611/104147.926:ERROR:process_memory_win.cc(73)] ReadMemory at 0x93d95fc000 of 16384 bytes failed: Only part of a ReadProcessMemory or WriteProcessMemory request was completed. (0x12B)
[0611/104147.926:ERROR:process_memory_win.cc(73)] ReadMemory at 0x93d9df7000 of 36864 bytes failed: Only part of a ReadProcessMemory or WriteProcessMemory request was completed. (0x12B)
[0611/104147.926:ERROR:process_memory_win.cc(73)] ReadMemory at 0x93da5f7000 of 36864 bytes failed: Only part of a ReadProcessMemory or WriteProcessMemory request was completed. (0x12B)
[0611/104147.926:ERROR:process_memory_win.cc(73)] ReadMemory at 0x93db5fd000 of 12288 bytes failed: Only part of a ReadProcessMemory or WriteProcessMemory request was completed. (0x12B)
[0611/104147.926:ERROR:process_memory_win.cc(73)] ReadMemory at 0x93d2c88000 of 852 bytes failed: Only part of a ReadProcessMemory or WriteProcessMemory request was completed. (0x12B)
[0611/104147.926:ERROR:process_memory_win.cc(73)] ReadMemory at 0x93d2c89000 of 6024 bytes failed: Only part of a ReadProcessMemory or WriteProcessMemory request was completed. (0x12B)
[0611/104147.926:ERROR:process_memory_win.cc(73)] ReadMemory at 0x93d2c8b000 of 6024 bytes failed: Only part of a ReadProcessMemory or WriteProcessMemory request was completed. (0x12B)
[0611/104147.926:ERROR:process_memory_win.cc(73)] ReadMemory at 0x93d2c8d000 of 6024 bytes failed: Only part of a ReadProcessMemory or WriteProcessMemory request was completed. (0x12B)
[0611/104147.926:ERROR:process_memory_win.cc(73)] ReadMemory at 0x93d2c8f000 of 6024 bytes failed: Only part of a ReadProcessMemory or WriteProcessMemory request was completed. (0x12B)
[0611/104147.926:ERROR:process_memory_win.cc(73)] ReadMemory at 0x93d2c91000 of 6024 bytes failed: Only part of a ReadProcessMemory or WriteProcessMemory request was completed. (0x12B)
[0611/104147.926:ERROR:process_memory_win.cc(73)] ReadMemory at 0x93d2c93000 of 6024 bytes failed: Only part of a ReadProcessMemory or WriteProcessMemory request was completed. (0x12B)
[0611/104147.926:ERROR:process_memory_win.cc(73)] ReadMemory at 0x93d2c95000 of 6024 bytes failed: Only part of a ReadProcessMemory or WriteProcessMemory request was completed. (0x12B)
[0611/104147.926:ERROR:process_memory_win.cc(73)] ReadMemory at 0x93d2c97000 of 6024 bytes failed: Only part of a ReadProcessMemory or WriteProcessMemory request was completed. (0x12B)
[0611/104147.926:ERROR:process_memory_win.cc(73)] ReadMemory at 0x93d2c9b000 of 6024 bytes failed: Only part of a ReadProcessMemory or WriteProcessMemory request was completed. (0x12B)
[0611/104147.926:ERROR:process_memory_win.cc(73)] ReadMemory at 0x93d2c9d000 of 6024 bytes failed: Only part of a ReadProcessMemory or WriteProcessMemory request was completed. (0x12B)
[0611/104147.926:ERROR:process_memory_win.cc(73)] ReadMemory at 0x93d2c9f000 of 6024 bytes failed: Only part of a ReadProcessMemory or WriteProcessMemory request was completed. (0x12B)
[0611/104147.926:ERROR:process_memory_win.cc(73)] ReadMemory at 0x93d2ca1000 of 6024 bytes failed: Only part of a ReadProcessMemory or WriteProcessMemory request was completed. (0x12B)
[0611/104147.926:ERROR:process_memory_win.cc(73)] ReadMemory at 0x93d2ca3000 of 6024 bytes failed: Only part of a ReadProcessMemory or WriteProcessMemory request was completed. (0x12B)
[0611/104147.926:ERROR:process_memory_win.cc(73)] ReadMemory at 0x93d2ca5000 of 6024 bytes failed: Only part of a ReadProcessMemory or WriteProcessMemory request was completed. (0x12B)
[0611/104147.926:ERROR:process_memory_win.cc(73)] ReadMemory at 0x93d2ca9000 of 6024 bytes failed: Only part of a ReadProcessMemory or WriteProcessMemory request was completed. (0x12B)
[0611/104147.926:ERROR:process_memory_win.cc(73)] ReadMemory at 0x209b681feae of 512 bytes failed: Only part of a ReadProcessMemory or WriteProcessMemory request was completed. (0x12B)
[0611/104147.926:ERROR:process_memory_win.cc(73)] ReadMemory at 0x209b6830750 of 80 bytes failed: Only part of a ReadProcessMemory or WriteProcessMemory request was completed. (0x12B)
[0611/104147.926:ERROR:process_memory_win.cc(73)] ReadMemory at 0x209b6830fe0 of 4796 bytes failed: Only part of a ReadProcessMemory or WriteProcessMemory request was completed. (0x12B)
[0611/104147.926:ERROR:process_memory_win.cc(73)] ReadMemory at 0x209b68322b0 of 1012 bytes failed: Only part of a ReadProcessMemory or WriteProcessMemory request was completed. (0x12B)
[0611/104147.926:ERROR:process_memory_win.cc(73)] ReadMemory at 0x209b68328f8 of 118 bytes failed: Only part of a ReadProcessMemory or WriteProcessMemory request was completed. (0x12B)
[0611/104147.926:ERROR:process_memory_win.cc(73)] ReadMemory at 0x209b6832970 of 1272 bytes failed: Only part of a ReadProcessMemory or WriteProcessMemory request was completed. (0x12B)
[0611/104147.926:ERROR:process_memory_win.cc(73)] ReadMemory at 0x209b6832e6a of 118 bytes failed: Only part of a ReadProcessMemory or WriteProcessMemory request was completed. (0x12B)
[0611/104147.926:ERROR:process_memory_win.cc(73)] ReadMemory at 0x209b6832ee2 of 102 bytes failed: Only part of a ReadProcessMemory or WriteProcessMemory request was completed. (0x12B)
[0611/104147.926:ERROR:process_memory_win.cc(73)] ReadMemory at 0x209b6832f60 of 58 bytes failed: Only part of a ReadProcessMemory or WriteProcessMemory request was completed. (0x12B)
[0611/104147.926:ERROR:process_memory_win.cc(73)] ReadMemory at 0x209b6833060 of 132 bytes failed: Only part of a ReadProcessMemory or WriteProcessMemory request was completed. (0x12B)
[0611/104147.926:ERROR:process_memory_win.cc(73)] ReadMemory at 0x209b68331f0 of 132 bytes failed: Only part of a ReadProcessMemory or WriteProcessMemory request was completed. (0x12B)
[0611/104147.926:ERROR:process_memory_win.cc(73)] ReadMemory at 0x209b68333b0 of 124 bytes failed: Only part of a ReadProcessMemory or WriteProcessMemory request was completed. (0x12B)
[0611/104147.926:ERROR:process_memory_win.cc(73)] ReadMemory at 0x209b6833790 of 132 bytes failed: Only part of a ReadProcessMemory or WriteProcessMemory request was completed. (0x12B)
[0611/104147.926:ERROR:process_memory_win.cc(73)] ReadMemory at 0x209b6833920 of 64 bytes failed: Only part of a ReadProcessMemory or WriteProcessMemory request was completed. (0x12B)
[0611/104147.926:ERROR:process_memory_win.cc(73)] ReadMemory at 0x209b6833ae0 of 132 bytes failed: Only part of a ReadProcessMemory or WriteProcessMemory request was completed. (0x12B)
[0611/104147.926:ERROR:process_memory_win.cc(73)] ReadMemory at 0x209b6833d80 of 132 bytes failed: Only part of a ReadProcessMemory or WriteProcessMemory request was completed. (0x12B)
[0611/104147.926:ERROR:process_memory_win.cc(73)] ReadMemory at 0x209b6833f10 of 68 bytes failed: Only part of a ReadProcessMemory or WriteProcessMemory request was completed. (0x12B)
[0611/104147.926:ERROR:process_memory_win.cc(73)] ReadMemory at 0x209b68350e0 of 132 bytes failed: Only part of a ReadProcessMemory or WriteProcessMemory request was completed. (0x12B)
[0611/104147.926:ERROR:process_memory_win.cc(73)] ReadMemory at 0x209b6835270 of 152 bytes failed: Only part of a ReadProcessMemory or WriteProcessMemory request was completed. (0x12B)
[0611/104147.926:ERROR:process_memory_win.cc(73)] ReadMemory at 0x209b6836300 of 132 bytes failed: Only part of a ReadProcessMemory or WriteProcessMemory request was completed. (0x12B)
[0611/104147.926:ERROR:process_memory_win.cc(73)] ReadMemory at 0x209b6836c70 of 62 bytes failed: Only part of a ReadProcessMemory or WriteProcessMemory request was completed. (0x12B)
[0611/104147.926:ERROR:process_memory_win.cc(73)] ReadMemory at 0x209b6836dd0 of 132 bytes failed: Only part of a ReadProcessMemory or WriteProcessMemory request was completed. (0x12B)
[0611/104147.926:ERROR:process_memory_win.cc(73)] ReadMemory at 0x209b6836f60 of 60 bytes failed: Only part of a ReadProcessMemory or WriteProcessMemory request was completed. (0x12B)
[0611/104147.926:ERROR:process_memory_win.cc(73)] ReadMemory at 0x209b683703a of 512 bytes failed: Only part of a ReadProcessMemory or WriteProcessMemory request was completed. (0x12B)
[0611/104147.926:ERROR:process_memory_win.cc(73)] ReadMemory at 0x209b68383b0 of 132 bytes failed: Only part of a ReadProcessMemory or WriteProcessMemory request was completed. (0x12B)
[0611/104147.926:ERROR:process_memory_win.cc(73)] ReadMemory at 0x209b68385e0 of 132 bytes failed: Only part of a ReadProcessMemory or WriteProcessMemory request was completed. (0x12B)
[0611/104147.926:ERROR:process_memory_win.cc(73)] ReadMemory at 0x209b6838720 of 132 bytes failed: Only part of a ReadProcessMemory or WriteProcessMemory request was completed. (0x12B)
[0611/104147.926:ERROR:process_memory_win.cc(73)] ReadMemory at 0x209b683b6c0 of 62 bytes failed: Only part of a ReadProcessMemory or WriteProcessMemory request was completed. (0x12B)
[0611/104147.926:ERROR:process_memory_win.cc(73)] ReadMemory at 0x209b683b8f0 of 60 bytes failed: Only part of a ReadProcessMemory or WriteProcessMemory request was completed. (0x12B)
[0611/104147.926:ERROR:process_memory_win.cc(73)] ReadMemory at 0x209b683b940 of 64 bytes failed: Only part of a ReadProcessMemory or WriteProcessMemory request was completed. (0x12B)
[0611/104147.926:ERROR:process_memory_win.cc(73)] ReadMemory at 0x209b683b9e0 of 66 bytes failed: Only part of a ReadProcessMemory or WriteProcessMemory request was completed. (0x12B)
[0611/104147.926:ERROR:process_memory_win.cc(73)] ReadMemory at 0x209b683ba80 of 64 bytes failed: Only part of a ReadProcessMemory or WriteProcessMemory request was completed. (0x12B)
[0611/104147.926:ERROR:process_memory_win.cc(73)] ReadMemory at 0x209b683bad0 of 62 bytes failed: Only part of a ReadProcessMemory or WriteProcessMemory request was completed. (0x12B)
[0611/104147.926:ERROR:process_memory_win.cc(73)] ReadMemory at 0x209b683bb20 of 64 bytes failed: Only part of a ReadProcessMemory or WriteProcessMemory request was completed. (0x12B)
[0611/104147.926:ERROR:process_memory_win.cc(73)] ReadMemory at 0x209b683bb70 of 60 bytes failed: Only part of a ReadProcessMemory or WriteProcessMemory request was completed. (0x12B)
[0611/104147.926:ERROR:process_memory_win.cc(73)] ReadMemory at 0x209b683bbc0 of 64 bytes failed: Only part of a ReadProcessMemory or WriteProcessMemory request was completed. (0x12B)
[0611/104147.926:ERROR:process_memory_win.cc(73)] ReadMemory at 0x209b683c720 of 132 bytes failed: Only part of a ReadProcessMemory or WriteProcessMemory request was completed. (0x12B)
[0611/104147.926:ERROR:process_memory_win.cc(73)] ReadMemory at 0x209b683c850 of 132 bytes failed: Only part of a ReadProcessMemory or WriteProcessMemory request was completed. (0x12B)
[0611/104147.926:ERROR:process_memory_win.cc(73)] ReadMemory at 0x209b683c980 of 132 bytes failed: Only part of a ReadProcessMemory or WriteProcessMemory request was completed. (0x12B)
[0611/104147.926:ERROR:process_memory_win.cc(73)] ReadMemory at 0x209b683cab0 of 132 bytes failed: Only part of a ReadProcessMemory or WriteProcessMemory request was completed. (0x12B)
[0611/104147.926:ERROR:process_memory_win.cc(73)] ReadMemory at 0x209b683cbe0 of 132 bytes failed: Only part of a ReadProcessMemory or WriteProcessMemory request was completed. (0x12B)
[0611/104147.926:ERROR:process_memory_win.cc(73)] ReadMemory at 0x209b683cd10 of 132 bytes failed: Only part of a ReadProcessMemory or WriteProcessMemory request was completed. (0x12B)
[0611/104147.926:ERROR:process_memory_win.cc(73)] ReadMemory at 0x209b683ce40 of 132 bytes failed: Only part of a ReadProcessMemory or WriteProcessMemory request was completed. (0x12B)
[0611/104147.926:ERROR:process_memory_win.cc(73)] ReadMemory at 0x209b683cf70 of 132 bytes failed: Only part of a ReadProcessMemory or WriteProcessMemory request was completed. (0x12B)
[0611/104147.926:ERROR:process_memory_win.cc(73)] ReadMemory at 0x209b683d0a0 of 132 bytes failed: Only part of a ReadProcessMemory or WriteProcessMemory request was completed. (0x12B)
[0611/104147.926:ERROR:process_memory_win.cc(73)] ReadMemory at 0x209b683d1d0 of 132 bytes failed: Only part of a ReadProcessMemory or WriteProcessMemory request was completed. (0x12B)
[0611/104147.926:ERROR:process_memory_win.cc(73)] ReadMemory at 0x209b683d300 of 132 bytes failed: Only part of a ReadProcessMemory or WriteProcessMemory request was completed. (0x12B)
[0611/104147.926:ERROR:process_memory_win.cc(73)] ReadMemory at 0x209b683d560 of 132 bytes failed: Only part of a ReadProcessMemory or WriteProcessMemory request was completed. (0x12B)
[0611/104147.926:ERROR:process_memory_win.cc(73)] ReadMemory at 0x209b683ef30 of 54 bytes failed: Only part of a ReadProcessMemory or WriteProcessMemory request was completed. (0x12B)
[0611/104147.926:ERROR:process_memory_win.cc(73)] ReadMemory at 0x209b683f430 of 132 bytes failed: Only part of a ReadProcessMemory or WriteProcessMemory request was completed. (0x12B)
[0611/104147.926:ERROR:process_memory_win.cc(73)] ReadMemory at 0x209b683fbf0 of 132 bytes failed: Only part of a ReadProcessMemory or WriteProcessMemory request was completed. (0x12B)
[0611/104147.926:ERROR:process_memory_win.cc(73)] ReadMemory at 0x209b683ff50 of 132 bytes failed: Only part of a ReadProcessMemory or WriteProcessMemory request was completed. (0x12B)
[0611/104147.926:ERROR:process_memory_win.cc(73)] ReadMemory at 0x209b6840160 of 132 bytes failed: Only part of a ReadProcessMemory or WriteProcessMemory request was completed. (0x12B)
[0611/104147.926:ERROR:process_memory_win.cc(73)] ReadMemory at 0x209b6840730 of 132 bytes failed: Only part of a ReadProcessMemory or WriteProcessMemory request was completed. (0x12B)
[0611/104147.926:ERROR:process_memory_win.cc(73)] ReadMemory at 0x209b6842050 of 132 bytes failed: Only part of a ReadProcessMemory or WriteProcessMemory request was completed. (0x12B)
[0611/104147.926:ERROR:process_memory_win.cc(73)] ReadMemory at 0x209b6843f20 of 144 bytes failed: Only part of a ReadProcessMemory or WriteProcessMemory request was completed. (0x12B)
[0611/104147.926:ERROR:process_memory_win.cc(73)] ReadMemory at 0x209b68442c0 of 80 bytes failed: Only part of a ReadProcessMemory or WriteProcessMemory request was completed. (0x12B)
[0611/104147.926:ERROR:process_memory_win.cc(73)] ReadMemory at 0x209b6844c80 of 78 bytes failed: Only part of a ReadProcessMemory or WriteProcessMemory request was completed. (0x12B)
[0611/104147.926:ERROR:process_memory_win.cc(73)] ReadMemory at 0x209b6844da0 of 76 bytes failed: Only part of a ReadProcessMemory or WriteProcessMemory request was completed. (0x12B)
[0611/104147.926:ERROR:process_memory_win.cc(73)] ReadMemory at 0x209b68454d0 of 66 bytes failed: Only part of a ReadProcessMemory or WriteProcessMemory request was completed. (0x12B)
[0611/104147.926:ERROR:process_memory_win.cc(73)] ReadMemory at 0x209b6845520 of 62 bytes failed: Only part of a ReadProcessMemory or WriteProcessMemory request was completed. (0x12B)
[0611/104147.926:ERROR:process_memory_win.cc(73)] ReadMemory at 0x209b68455c0 of 60 bytes failed: Only part of a ReadProcessMemory or WriteProcessMemory request was completed. (0x12B)
[0611/104147.926:ERROR:process_memory_win.cc(73)] ReadMemory at 0x209b68456b0 of 62 bytes failed: Only part of a ReadProcessMemory or WriteProcessMemory request was completed. (0x12B)
[0611/104147.926:ERROR:process_memory_win.cc(73)] ReadMemory at 0x209b6845700 of 62 bytes failed: Only part of a ReadProcessMemory or WriteProcessMemory request was completed. (0x12B)
[0611/104147.926:ERROR:process_memory_win.cc(73)] ReadMemory at 0x209b6845840 of 62 bytes failed: Only part of a ReadProcessMemory or WriteProcessMemory request was completed. (0x12B)
[0611/104147.926:ERROR:process_memory_win.cc(73)] ReadMemory at 0x209b6845890 of 64 bytes failed: Only part of a ReadProcessMemory or WriteProcessMemory request was completed. (0x12B)
[0611/104147.926:ERROR:process_memory_win.cc(73)] ReadMemory at 0x209b6845bb0 of 60 bytes failed: Only part of a ReadProcessMemory or WriteProcessMemory request was completed. (0x12B)
[0611/104147.926:ERROR:process_memory_win.cc(73)] ReadMemory at 0x209b6845c50 of 62 bytes failed: Only part of a ReadProcessMemory or WriteProcessMemory request was completed. (0x12B)
[0611/104147.926:ERROR:process_memory_win.cc(73)] ReadMemory at 0x209b6845ca0 of 62 bytes failed: Only part of a ReadProcessMemory or WriteProcessMemory request was completed. (0x12B)
[0611/104147.926:ERROR:process_memory_win.cc(73)] ReadMemory at 0x209b6845d40 of 60 bytes failed: Only part of a ReadProcessMemory or WriteProcessMemory request was completed. (0x12B)
[0611/104147.926:ERROR:process_memory_win.cc(73)] ReadMemory at 0x209b6845d90 of 64 bytes failed: Only part of a ReadProcessMemory or WriteProcessMemory request was completed. (0x12B)
[0611/104147.926:ERROR:process_memory_win.cc(73)] ReadMemory at 0x209b6845e30 of 62 bytes failed: Only part of a ReadProcessMemory or WriteProcessMemory request was completed. (0x12B)
[0611/104147.926:ERROR:process_memory_win.cc(73)] ReadMemory at 0x209b6845e80 of 62 bytes failed: Only part of a ReadProcessMemory or WriteProcessMemory request was completed. (0x12B)
[0611/104147.926:ERROR:process_memory_win.cc(73)] ReadMemory at 0x209b6845ed0 of 58 bytes failed: Only part of a ReadProcessMemory or WriteProcessMemory request was completed. (0x12B)
[0611/104147.926:ERROR:process_memory_win.cc(73)] ReadMemory at 0x209b6845f20 of 60 bytes failed: Only part of a ReadProcessMemory or WriteProcessMemory request was completed. (0x12B)
[0611/104147.926:ERROR:process_memory_win.cc(73)] ReadMemory at 0x209b6845f70 of 64 bytes failed: Only part of a ReadProcessMemory or WriteProcessMemory request was completed. (0x12B)
[0611/104147.926:ERROR:process_memory_win.cc(73)] ReadMemory at 0x209b6845fc0 of 62 bytes failed: Only part of a ReadProcessMemory or WriteProcessMemory request was completed. (0x12B)
[0611/104147.926:ERROR:process_memory_win.cc(73)] ReadMemory at 0x209b6846060 of 64 bytes failed: Only part of a ReadProcessMemory or WriteProcessMemory request was completed. (0x12B)
[0611/104147.926:ERROR:process_memory_win.cc(73)] ReadMemory at 0x209b68468d0 of 132 bytes failed: Only part of a ReadProcessMemory or WriteProcessMemory request was completed. (0x12B)
[0611/104147.926:ERROR:process_memory_win.cc(73)] ReadMemory at 0x209b6846a00 of 132 bytes failed: Only part of a ReadProcessMemory or WriteProcessMemory request was completed. (0x12B)
[0611/104147.926:ERROR:process_memory_win.cc(73)] ReadMemory at 0x209b6846b30 of 132 bytes failed: Only part of a ReadProcessMemory or WriteProcessMemory request was completed. (0x12B)
[0611/104147.926:ERROR:process_memory_win.cc(73)] ReadMemory at 0x209b6846c60 of 132 bytes failed: Only part of a ReadProcessMemory or WriteProcessMemory request was completed. (0x12B)
[0611/104147.926:ERROR:process_memory_win.cc(73)] ReadMemory at 0x209b6846d90 of 132 bytes failed: Only part of a ReadProcessMemory or WriteProcessMemory request was completed. (0x12B)
[0611/104147.926:ERROR:process_memory_win.cc(73)] ReadMemory at 0x209b6846ec0 of 132 bytes failed: Only part of a ReadProcessMemory or WriteProcessMemory request was completed. (0x12B)
[0611/104147.926:ERROR:process_memory_win.cc(73)] ReadMemory at 0x209b6846ff0 of 132 bytes failed: Only part of a ReadProcessMemory or WriteProcessMemory request was completed. (0x12B)
[0611/104147.926:ERROR:process_memory_win.cc(73)] ReadMemory at 0x209b6847120 of 132 bytes failed: Only part of a ReadProcessMemory or WriteProcessMemory request was completed. (0x12B)
[0611/104147.926:ERROR:process_memory_win.cc(73)] ReadMemory at 0x209b6847250 of 132 bytes failed: Only part of a ReadProcessMemory or WriteProcessMemory request was completed. (0x12B)
[0611/104147.926:ERROR:process_memory_win.cc(73)] ReadMemory at 0x209b6847380 of 132 bytes failed: Only part of a ReadProcessMemory or WriteProcessMemory request was completed. (0x12B)
[0611/104147.926:ERROR:process_memory_win.cc(73)] ReadMemory at 0x209b68474b0 of 132 bytes failed: Only part of a ReadProcessMemory or WriteProcessMemory request was completed. (0x12B)
[0611/104147.926:ERROR:process_memory_win.cc(73)] ReadMemory at 0x209b68475e0 of 132 bytes failed: Only part of a ReadProcessMemory or WriteProcessMemory request was completed. (0x12B)
[0611/104147.926:ERROR:process_memory_win.cc(73)] ReadMemory at 0x209b6847710 of 132 bytes failed: Only part of a ReadProcessMemory or WriteProcessMemory request was completed. (0x12B)
[0611/104147.926:ERROR:process_memory_win.cc(73)] ReadMemory at 0x209b6847840 of 132 bytes failed: Only part of a ReadProcessMemory or WriteProcessMemory request was completed. (0x12B)
[0611/104147.926:ERROR:process_memory_win.cc(73)] ReadMemory at 0x209b6847bd0 of 132 bytes failed: Only part of a ReadProcessMemory or WriteProcessMemory request was completed. (0x12B)
[0611/104147.926:ERROR:process_memory_win.cc(73)] ReadMemory at 0x209b6847f60 of 132 bytes failed: Only part of a ReadProcessMemory or WriteProcessMemory request was completed. (0x12B)
[0611/104147.926:ERROR:process_memory_win.cc(73)] ReadMemory at 0x209b68481c0 of 132 bytes failed: Only part of a ReadProcessMemory or WriteProcessMemory request was completed. (0x12B)
[0611/104147.926:ERROR:process_memory_win.cc(73)] ReadMemory at 0x209b68482f0 of 132 bytes failed: Only part of a ReadProcessMemory or WriteProcessMemory request was completed. (0x12B)
[0611/104147.926:ERROR:process_memory_win.cc(73)] ReadMemory at 0x209b6848420 of 132 bytes failed: Only part of a ReadProcessMemory or WriteProcessMemory request was completed. (0x12B)
[0611/104147.926:ERROR:process_memory_win.cc(73)] ReadMemory at 0x209b6848550 of 132 bytes failed: Only part of a ReadProcessMemory or WriteProcessMemory request was completed. (0x12B)
[0611/104147.926:ERROR:process_memory_win.cc(73)] ReadMemory at 0x209b6848680 of 132 bytes failed: Only part of a ReadProcessMemory or WriteProcessMemory request was completed. (0x12B)
[0611/104147.926:ERROR:process_memory_win.cc(73)] ReadMemory at 0x209b685ba20 of 64 bytes failed: Only part of a ReadProcessMemory or WriteProcessMemory request was completed. (0x12B)
[0611/104147.926:ERROR:process_memory_win.cc(73)] ReadMemory at 0x209b685ba70 of 60 bytes failed: Only part of a ReadProcessMemory or WriteProcessMemory request was completed. (0x12B)
[0611/104147.926:ERROR:process_memory_win.cc(73)] ReadMemory at 0x209b685bd40 of 62 bytes failed: Only part of a ReadProcessMemory or WriteProcessMemory request was completed. (0x12B)
[0611/104147.926:ERROR:process_memory_win.cc(73)] ReadMemory at 0x209b685bed0 of 62 bytes failed: Only part of a ReadProcessMemory or WriteProcessMemory request was completed. (0x12B)
[0611/104147.926:ERROR:process_memory_win.cc(73)] ReadMemory at 0x209b685bf20 of 58 bytes failed: Only part of a ReadProcessMemory or WriteProcessMemory request was completed. (0x12B)
[0611/104147.926:ERROR:process_memory_win.cc(73)] ReadMemory at 0x209b685bf70 of 66 bytes failed: Only part of a ReadProcessMemory or WriteProcessMemory request was completed. (0x12B)
[0611/104147.926:ERROR:process_memory_win.cc(73)] ReadMemory at 0x209b685c060 of 60 bytes failed: Only part of a ReadProcessMemory or WriteProcessMemory request was completed. (0x12B)
[0611/104147.926:ERROR:process_memory_win.cc(73)] ReadMemory at 0x209b685c420 of 58 bytes failed: Only part of a ReadProcessMemory or WriteProcessMemory request was completed. (0x12B)
[0611/104147.926:ERROR:process_memory_win.cc(73)] ReadMemory at 0x209b685c510 of 58 bytes failed: Only part of a ReadProcessMemory or WriteProcessMemory request was completed. (0x12B)
[0611/104147.926:ERROR:process_memory_win.cc(73)] ReadMemory at 0x209b68674c0 of 512 bytes failed: Only part of a ReadProcessMemory or WriteProcessMemory request was completed. (0x12B)
[0611/104147.926:ERROR:process_memory_win.cc(73)] ReadMemory at 0x209b6868c40 of 512 bytes failed: Only part of a ReadProcessMemory or WriteProcessMemory request was completed. (0x12B)
[0611/104147.926:ERROR:process_memory_win.cc(73)] ReadMemory at 0x209b6868f50 of 512 bytes failed: Only part of a ReadProcessMemory or WriteProcessMemory request was completed. (0x12B)
[0611/104147.926:ERROR:process_memory_win.cc(73)] ReadMemory at 0x209b6a00d00 of 512 bytes failed: Only part of a ReadProcessMemory or WriteProcessMemory request was completed. (0x12B)
[0611/104147.926:ERROR:process_memory_win.cc(73)] ReadMemory at 0x209b6a00f40 of 704 bytes failed: Only part of a ReadProcessMemory or WriteProcessMemory request was completed. (0x12B)
[0611/104147.926:ERROR:process_memory_win.cc(73)] ReadMemory at 0x209b6a040c0 of 512 bytes failed: Only part of a ReadProcessMemory or WriteProcessMemory request was completed. (0x12B)
[0611/104147.926:ERROR:process_memory_win.cc(73)] ReadMemory at 0x209b6a60000 of 384 bytes failed: Only part of a ReadProcessMemory or WriteProcessMemory request was completed. (0x12B)
[0611/104147.926:ERROR:process_memory_win.cc(73)] ReadMemory at 0x209b6ac06d0 of 512 bytes failed: Only part of a ReadProcessMemory or WriteProcessMemory request was completed. (0x12B)
[0611/104147.926:ERROR:process_memory_win.cc(73)] ReadMemory at 0x209b6f31e50 of 512 bytes failed: Only part of a ReadProcessMemory or WriteProcessMemory request was completed. (0x12B)
[0611/104147.926:ERROR:process_memory_win.cc(73)] ReadMemory at 0x209b6f535f0 of 712 bytes failed: Only part of a ReadProcessMemory or WriteProcessMemory request was completed. (0x12B)
[0611/104147.926:ERROR:process_memory_win.cc(73)] ReadMemory at 0x209b6f6bd50 of 512 bytes failed: Only part of a ReadProcessMemory or WriteProcessMemory request was completed. (0x12B)
[0611/104147.926:ERROR:process_memory_win.cc(73)] ReadMemory at 0x209b6f7a700 of 512 bytes failed: Only part of a ReadProcessMemory or WriteProcessMemory request was completed. (0x12B)
[0611/104147.926:ERROR:process_memory_win.cc(73)] ReadMemory at 0x209b6f9c0d0 of 512 bytes failed: Only part of a ReadProcessMemory or WriteProcessMemory request was completed. (0x12B)
[0611/104147.926:ERROR:process_memory_win.cc(73)] ReadMemory at 0x209b8e061f8 of 512 bytes failed: Only part of a ReadProcessMemory or WriteProcessMemory request was completed. (0x12B)
[0611/104147.926:ERROR:process_memory_win.cc(73)] ReadMemory at 0x209babd13d0 of 512 bytes failed: Only part of a ReadProcessMemory or WriteProcessMemory request was completed. (0x12B)
[0611/104147.926:ERROR:process_memory_win.cc(73)] ReadMemory at 0x2e46b4adb2b0 of 512 bytes failed: Only part of a ReadProcessMemory or WriteProcessMemory request was completed. (0x12B)
[0611/104147.926:ERROR:process_memory_win.cc(73)] ReadMemory at 0x2e46b4b14000 of 384 bytes failed: Only part of a ReadProcessMemory or WriteProcessMemory request was completed. (0x12B)
[0611/104147.926:ERROR:process_memory_win.cc(73)] ReadMemory at 0x783271195181 of 512 bytes failed: Only part of a ReadProcessMemory or WriteProcessMemory request was completed. (0x12B)
[0611/104147.926:ERROR:process_memory_win.cc(73)] ReadMemory at 0x7a2ad5d93f80 of 512 bytes failed: Only part of a ReadProcessMemory or WriteProcessMemory request was completed. (0x12B)
[0611/104147.926:ERROR:process_memory_win.cc(73)] ReadMemory at 0x7a2ad5e6ff8a of 512 bytes failed: Only part of a ReadProcessMemory or WriteProcessMemory request was completed. (0x12B)
[0611/104147.926:ERROR:process_memory_win.cc(73)] ReadMemory at 0x7a2ad5faff80 of 512 bytes failed: Only part of a ReadProcessMemory or WriteProcessMemory request was completed. (0x12B)
[0611/104147.941:ERROR:process_memory_win.cc(73)] ReadMemory at 0x7a2ad66c3f80 of 512 bytes failed: Only part of a ReadProcessMemory or WriteProcessMemory request was completed. (0x12B)
[0611/104147.941:ERROR:process_memory_win.cc(73)] ReadMemory at 0x7a2ad6b00000 of 384 bytes failed: Only part of a ReadProcessMemory or WriteProcessMemory request was completed. (0x12B)
[0611/104147.941:ERROR:process_memory_win.cc(73)] ReadMemory at 0x7ff794389c20 of 512 bytes failed: Only part of a ReadProcessMemory or WriteProcessMemory request was completed. (0x12B)
[0611/104147.941:ERROR:process_memory_win.cc(73)] ReadMemory at 0x7ff975c5f498 of 512 bytes failed: Only part of a ReadProcessMemory or WriteProcessMemory request was completed. (0x12B)
[0611/104147.941:ERROR:process_memory_win.cc(73)] ReadMemory at 0x7ff976bdf8fa of 512 bytes failed: Only part of a ReadProcessMemory or WriteProcessMemory request was completed. (0x12B)
[0611/104147.941:ERROR:process_memory_win.cc(73)] ReadMemory at 0x7ff9778f3ea0 of 512 bytes failed: Only part of a ReadProcessMemory or WriteProcessMemory request was completed. (0x12B)
[0611/104147.941:ERROR:process_memory_win.cc(73)] ReadMemory at 0x7ff97a3cdf40 of 512 bytes failed: Only part of a ReadProcessMemory or WriteProcessMemory request was completed. (0x12B)
[0611/104147.941:ERROR:process_memory_win.cc(73)] ReadMemory at 0x7ff9bf57a719 of 512 bytes failed: Only part of a ReadProcessMemory or WriteProcessMemory request was completed. (0x12B)
[0611/104147.941:ERROR:process_memory_win.cc(73)] ReadMemory at 0x7ff9bf7ac6e0 of 512 bytes failed: Only part of a ReadProcessMemory or WriteProcessMemory request was completed. (0x12B)
[0611/104147.941:ERROR:process_memory_win.cc(73)] ReadMemory at 0x7ff9c185c074 of 672 bytes failed: Only part of a ReadProcessMemory or WriteProcessMemory request was completed. (0x12B)
[0611/104147.941:ERROR:process_memory_win.cc(73)] ReadMemory at 0x7ff9c185c674 of 512 bytes failed: Only part of a ReadProcessMemory or WriteProcessMemory request was completed. (0x12B)
[0611/104147.941:ERROR:process_memory_win.cc(73)] ReadMemory at 0x7ff9c185f924 of 608 bytes failed: Only part of a ReadProcessMemory or WriteProcessMemory request was completed. (0x12B)
[0611/104147.941:ERROR:process_memory_win.cc(73)] ReadMemory at 0x7ff9c18ec428 of 18 bytes failed: Only part of a ReadProcessMemory or WriteProcessMemory request was completed. (0x12B)
[0611/104147.941:ERROR:process_memory_win.cc(73)] ReadMemory at 0x7ff9c191f4f8 of 40 bytes failed: Only part of a ReadProcessMemory or WriteProcessMemory request was completed. (0x12B)
[0611/104147.941:ERROR:process_memory_win.cc(73)] ReadMemory at 0x7ff9c191f978 of 48 bytes failed: Only part of a ReadProcessMemory or WriteProcessMemory request was completed. (0x12B)
[0611/104147.941:ERROR:process_memory_win.cc(73)] ReadMemory at 0x7ff9c19253c0 of 64 bytes failed: Only part of a ReadProcessMemory or WriteProcessMemory request was completed. (0x12B)
[0611/104147.941:ERROR:scoped_process_suspend.cc(40)] NtResumeProcess: An attempt was made to access an exiting process. (0xc000010a)
[0611/105644.557:ERROR:process_info.cc(359)] UncheckedAllocate
